<?xml version="1.0" encoding="UTF-8"?>
<testng-results ignored="2" total="3" passed="0" failed="1" skipped="0">
  <reporter-output>
  </reporter-output>
  <suite started-at="2020-08-26T11:43:31Z" name="Suite" finished-at="2020-08-26T11:43:39Z" duration-ms="7914">
    <groups>
    </groups>
    <test started-at="2020-08-26T11:43:31Z" name="Page Object Model" finished-at="2020-08-26T11:43:39Z" duration-ms="7914">
      <class name="co.aravindh.tests.TestBase">
        <test-method is-config="true" signature="initialize()[pri:0, instance:co.aravindh.tests.TestBase@5d740a0f]" started-at="2020-08-26T11:43:23Z" name="initialize" finished-at="2020-08-26T11:43:31Z" duration-ms="8134" status="PASS">
          <reporter-output>
          </reporter-output>
        </test-method> <!-- initialize -->
        <test-method is-config="true" signature="closingDriver()[pri:0, instance:co.aravindh.tests.TestBase@5d740a0f]" started-at="2020-08-26T11:43:39Z" name="closingDriver" finished-at="2020-08-26T11:43:41Z" duration-ms="1339" status="PASS">
          <reporter-output>
          </reporter-output>
        </test-method> <!-- closingDriver -->
      </class> <!-- co.aravindh.tests.TestBase -->
      <class name="co.aravindh.tests.FbLoginTest">
        <test-method signature="init()[pri:0, instance:co.aravindh.tests.FbLoginTest@214b199c]" started-at="2020-08-26T11:43:31Z" name="init" finished-at="2020-08-26T11:43:39Z" duration-ms="7883" status="FAIL">
          <exception class="org.openqa.selenium.InvalidSelectorException">
            <message>
              <![CDATA[invalid selector: Unable to locate an element with the xpath expression /html[1]/body[1]/div[1]/div[1]/div[1]/div[1]/div[2]/div[4]/div[2]/div[1]/div[2]/div[1]/div[1]/div[1]/div[1]/div[1]/div[1]/div[1]/div[1]/div[1]/div[1]/div[1]/div[1]/div[3]/div[1]/div[5]/div[1]/div[1]/div[2]/div[1]/div[1]/div[1]/div[1]/span[1]] because of the following error:
SyntaxError: Failed to execute 'evaluate' on 'Document': The string '/html[1]/body[1]/div[1]/div[1]/div[1]/div[1]/div[2]/div[4]/div[2]/div[1]/div[2]/div[1]/div[1]/div[1]/div[1]/div[1]/div[1]/div[1]/div[1]/div[1]/div[1]/div[1]/div[1]/div[3]/div[1]/div[5]/div[1]/div[1]/div[2]/div[1]/div[1]/div[1]/div[1]/span[1]]' is not a valid XPath expression.
  (Session info: chrome=84.0.4147.135)
For documentation on this error, please visit: https://www.seleniumhq.org/exceptions/invalid_selector_exception.html
Build info: version: '3.141.59', revision: 'e82be7d358', time: '2018-11-14T08:25:48'
System info: host: 'USE2DEVP0044', ip: '10.177.134.66', os.name: 'Windows 10', os.arch: 'amd64', os.version: '10.0', java.version: '14.0.2'
Driver info: org.openqa.selenium.chrome.ChromeDriver
Capabilities {acceptInsecureCerts: false, browserName: chrome, browserVersion: 84.0.4147.135, chrome: {chromedriverVersion: 84.0.4147.30 (48b3e868b4cc0..., userDataDir: C:\Users\X009091\AppData\Lo...}, goog:chromeOptions: {debuggerAddress: localhost:54466}, javascriptEnabled: true, networkConnectionEnabled: false, pageLoadStrategy: normal, platform: WINDOWS, platformName: WINDOWS, proxy: Proxy(), setWindowRect: true, strictFileInteractability: false, timeouts: {implicit: 0, pageLoad: 300000, script: 30000}, unhandledPromptBehavior: dismiss and notify, webauthn:virtualAuthenticators: true}
Session ID: cd6a8a0396caf3314f9517f60a1051e2
*** Element info: {Using=xpath, value=/html[1]/body[1]/div[1]/div[1]/div[1]/div[1]/div[2]/div[4]/div[2]/div[1]/div[2]/div[1]/div[1]/div[1]/div[1]/div[1]/div[1]/div[1]/div[1]/div[1]/div[1]/div[1]/div[1]/div[3]/div[1]/div[5]/div[1]/div[1]/div[2]/div[1]/div[1]/div[1]/div[1]/span[1]]}]]>
            </message>
            <full-stacktrace>
              <![CDATA[org.openqa.selenium.InvalidSelectorException: invalid selector: Unable to locate an element with the xpath expression /html[1]/body[1]/div[1]/div[1]/div[1]/div[1]/div[2]/div[4]/div[2]/div[1]/div[2]/div[1]/div[1]/div[1]/div[1]/div[1]/div[1]/div[1]/div[1]/div[1]/div[1]/div[1]/div[1]/div[3]/div[1]/div[5]/div[1]/div[1]/div[2]/div[1]/div[1]/div[1]/div[1]/span[1]] because of the following error:
SyntaxError: Failed to execute 'evaluate' on 'Document': The string '/html[1]/body[1]/div[1]/div[1]/div[1]/div[1]/div[2]/div[4]/div[2]/div[1]/div[2]/div[1]/div[1]/div[1]/div[1]/div[1]/div[1]/div[1]/div[1]/div[1]/div[1]/div[1]/div[1]/div[3]/div[1]/div[5]/div[1]/div[1]/div[2]/div[1]/div[1]/div[1]/div[1]/span[1]]' is not a valid XPath expression.
  (Session info: chrome=84.0.4147.135)
For documentation on this error, please visit: https://www.seleniumhq.org/exceptions/invalid_selector_exception.html
Build info: version: '3.141.59', revision: 'e82be7d358', time: '2018-11-14T08:25:48'
System info: host: 'USE2DEVP0044', ip: '10.177.134.66', os.name: 'Windows 10', os.arch: 'amd64', os.version: '10.0', java.version: '14.0.2'
Driver info: org.openqa.selenium.chrome.ChromeDriver
Capabilities {acceptInsecureCerts: false, browserName: chrome, browserVersion: 84.0.4147.135, chrome: {chromedriverVersion: 84.0.4147.30 (48b3e868b4cc0..., userDataDir: C:\Users\X009091\AppData\Lo...}, goog:chromeOptions: {debuggerAddress: localhost:54466}, javascriptEnabled: true, networkConnectionEnabled: false, pageLoadStrategy: normal, platform: WINDOWS, platformName: WINDOWS, proxy: Proxy(), setWindowRect: true, strictFileInteractability: false, timeouts: {implicit: 0, pageLoad: 300000, script: 30000}, unhandledPromptBehavior: dismiss and notify, webauthn:virtualAuthenticators: true}
Session ID: cd6a8a0396caf3314f9517f60a1051e2
*** Element info: {Using=xpath, value=/html[1]/body[1]/div[1]/div[1]/div[1]/div[1]/div[2]/div[4]/div[2]/div[1]/div[2]/div[1]/div[1]/div[1]/div[1]/div[1]/div[1]/div[1]/div[1]/div[1]/div[1]/div[1]/div[1]/div[3]/div[1]/div[5]/div[1]/div[1]/div[2]/div[1]/div[1]/div[1]/div[1]/span[1]]}
at java.base/jdk.internal.reflect.NativeConstructorAccessorImpl.newInstance0(Native Method)
at java.base/jdk.internal.reflect.NativeConstructorAccessorImpl.newInstance(NativeConstructorAccessorImpl.java:62)
at java.base/jdk.internal.reflect.DelegatingConstructorAccessorImpl.newInstance(DelegatingConstructorAccessorImpl.java:45)
at java.base/java.lang.reflect.Constructor.newInstanceWithCaller(Constructor.java:500)
at java.base/java.lang.reflect.Constructor.newInstance(Constructor.java:481)
at org.openqa.selenium.remote.http.W3CHttpResponseCodec.createException(W3CHttpResponseCodec.java:187)
at org.openqa.selenium.remote.http.W3CHttpResponseCodec.decode(W3CHttpResponseCodec.java:122)
at org.openqa.selenium.remote.http.W3CHttpResponseCodec.decode(W3CHttpResponseCodec.java:49)
at org.openqa.selenium.remote.HttpCommandExecutor.execute(HttpCommandExecutor.java:158)
at org.openqa.selenium.remote.service.DriverCommandExecutor.execute(DriverCommandExecutor.java:83)
at org.openqa.selenium.remote.RemoteWebDriver.execute(RemoteWebDriver.java:552)
at org.openqa.selenium.remote.RemoteWebDriver.findElement(RemoteWebDriver.java:323)
at org.openqa.selenium.remote.RemoteWebDriver.findElementByXPath(RemoteWebDriver.java:428)
at org.openqa.selenium.By$ByXPath.findElement(By.java:353)
at org.openqa.selenium.remote.RemoteWebDriver.findElement(RemoteWebDriver.java:315)
at org.openqa.selenium.support.pagefactory.DefaultElementLocator.findElement(DefaultElementLocator.java:69)
at org.openqa.selenium.support.pagefactory.internal.LocatingElementHandler.invoke(LocatingElementHandler.java:38)
at com.sun.proxy.$Proxy12.click(Unknown Source)
at co.aravindh.pages.FbHomePage.clickLogout(FbHomePage.java:24)
at co.aravindh.tests.FbLoginTest.init(FbLoginTest.java:22)
at java.base/jdk.internal.reflect.NativeMethodAccessorImpl.invoke0(Native Method)
at java.base/jdk.internal.reflect.NativeMethodAccessorImpl.invoke(NativeMethodAccessorImpl.java:62)
at java.base/jdk.internal.reflect.DelegatingMethodAccessorImpl.invoke(DelegatingMethodAccessorImpl.java:43)
at java.base/java.lang.reflect.Method.invoke(Method.java:564)
at org.testng.internal.MethodInvocationHelper.invokeMethod(MethodInvocationHelper.java:124)
at org.testng.internal.Invoker.invokeMethod(Invoker.java:583)
at org.testng.internal.Invoker.invokeTestMethod(Invoker.java:719)
at org.testng.internal.Invoker.invokeTestMethods(Invoker.java:989)
at org.testng.internal.TestMethodWorker.invokeTestMethods(TestMethodWorker.java:125)
at org.testng.internal.TestMethodWorker.run(TestMethodWorker.java:109)
at org.testng.TestRunner.privateRun(TestRunner.java:648)
at org.testng.TestRunner.run(TestRunner.java:505)
at org.testng.SuiteRunner.runTest(SuiteRunner.java:455)
at org.testng.SuiteRunner.runSequentially(SuiteRunner.java:450)
at org.testng.SuiteRunner.privateRun(SuiteRunner.java:415)
at org.testng.SuiteRunner.run(SuiteRunner.java:364)
at org.testng.SuiteRunnerWorker.runSuite(SuiteRunnerWorker.java:52)
at org.testng.SuiteRunnerWorker.run(SuiteRunnerWorker.java:84)
at org.testng.TestNG.runSuitesSequentially(TestNG.java:1208)
at org.testng.TestNG.runSuitesLocally(TestNG.java:1137)
at org.testng.TestNG.runSuites(TestNG.java:1049)
at org.testng.TestNG.run(TestNG.java:1017)
at org.testng.remote.AbstractRemoteTestNG.run(AbstractRemoteTestNG.java:115)
at org.testng.remote.RemoteTestNG.initAndRun(RemoteTestNG.java:251)
at org.testng.remote.RemoteTestNG.main(RemoteTestNG.java:77)
]]>
            </full-stacktrace>
          </exception> <!-- org.openqa.selenium.InvalidSelectorException -->
          <reporter-output>
          </reporter-output>
        </test-method> <!-- init -->
      </class> <!-- co.aravindh.tests.FbLoginTest -->
    </test> <!-- Page Object Model -->
  </suite> <!-- Suite -->
</testng-results>
